2020-11-20 07:28:24,589 [Worker-3: Loading available Gradle versions] INFO  o.e.b.c.i.u.g.PublishedGradleVersions - Gradle version information cache is up-to-date. Trying to read.
2020-11-23 07:16:35,390 [Worker-6: Loading available Gradle versions] INFO  o.e.b.c.i.u.g.PublishedGradleVersions - Gradle version information cache is out-of-date. Trying to update.
2020-11-23 07:35:53,178 [Worker-23: Building workspace] INFO  o.e.m.c.i.l.LifecycleMappingFactory - Using org.maven.ide.eclipse.wtp.WarLifecycleMapping lifecycle mapping for MavenProject: com.learning.apimethodtrial:ApiMethodTrial:0.1.0-SNAPSHOT @ D:\Professional\NIIT\Online Sessions\GAE\ApiMethodTrial\pom.xml.
2020-11-23 07:35:56,208 [Worker-23: Building workspace] INFO  o.e.m.c.i.embedder.EclipseLogger - Using 'UTF-8' encoding to copy filtered resources.
2020-11-23 07:35:56,211 [Worker-23: Building workspace] INFO  o.e.m.c.i.embedder.EclipseLogger - skip non existing resourceDirectory D:\Professional\NIIT\Online Sessions\GAE\ApiMethodTrial\src\main\resources
2020-11-23 07:35:56,213 [Worker-23: Building workspace] INFO  o.e.m.c.i.embedder.EclipseLogger - Using 'UTF-8' encoding to copy filtered resources.
2020-11-23 07:35:56,213 [Worker-23: Building workspace] INFO  o.e.m.c.i.embedder.EclipseLogger - skip non existing resourceDirectory D:\Professional\NIIT\Online Sessions\GAE\ApiMethodTrial\src\test\resources
2020-11-23 07:35:57,570 [Worker-20: Updating Maven Dependencies] INFO  o.e.m.c.i.l.LifecycleMappingFactory - Using org.maven.ide.eclipse.wtp.WarLifecycleMapping lifecycle mapping for MavenProject: com.learning.apimethodtrial:ApiMethodTrial:0.1.0-SNAPSHOT @ D:\Professional\NIIT\Online Sessions\GAE\ApiMethodTrial\pom.xml.
2020-11-23 07:35:59,373 [Worker-1: Building workspace] INFO  o.e.m.c.i.embedder.EclipseLogger - Using 'UTF-8' encoding to copy filtered resources.
2020-11-23 07:35:59,374 [Worker-1: Building workspace] INFO  o.e.m.c.i.embedder.EclipseLogger - skip non existing resourceDirectory D:\Professional\NIIT\Online Sessions\GAE\ApiMethodTrial\src\main\resources
2020-11-23 07:35:59,376 [Worker-1: Building workspace] INFO  o.e.m.c.i.embedder.EclipseLogger - Using 'UTF-8' encoding to copy filtered resources.
2020-11-23 07:35:59,376 [Worker-1: Building workspace] INFO  o.e.m.c.i.embedder.EclipseLogger - skip non existing resourceDirectory D:\Professional\NIIT\Online Sessions\GAE\ApiMethodTrial\src\test\resources
2020-11-23 07:49:10,166 [Worker-23: Building workspace] INFO  o.e.m.c.i.embedder.EclipseLogger - Using 'UTF-8' encoding to copy filtered resources.
2020-11-23 07:49:10,166 [Worker-23: Building workspace] INFO  o.e.m.c.i.embedder.EclipseLogger - skip non existing resourceDirectory D:\Professional\NIIT\Online Sessions\GAE\ApiMethodTrial\src\main\resources
2020-11-23 07:49:10,168 [Worker-23: Building workspace] INFO  o.e.m.c.i.embedder.EclipseLogger - Using 'UTF-8' encoding to copy filtered resources.
2020-11-23 07:49:10,168 [Worker-23: Building workspace] INFO  o.e.m.c.i.embedder.EclipseLogger - skip non existing resourceDirectory D:\Professional\NIIT\Online Sessions\GAE\ApiMethodTrial\src\test\resources
2020-11-23 07:57:34,947 [Worker-29: Building workspace] INFO  o.e.m.c.i.embedder.EclipseLogger - Using 'UTF-8' encoding to copy filtered resources.
2020-11-23 07:57:34,948 [Worker-29: Building workspace] INFO  o.e.m.c.i.embedder.EclipseLogger - skip non existing resourceDirectory D:\Professional\NIIT\Online Sessions\GAE\ApiMethodTrial\src\main\resources
2020-11-23 07:57:34,949 [Worker-29: Building workspace] INFO  o.e.m.c.i.embedder.EclipseLogger - Using 'UTF-8' encoding to copy filtered resources.
2020-11-23 07:57:34,949 [Worker-29: Building workspace] INFO  o.e.m.c.i.embedder.EclipseLogger - skip non existing resourceDirectory D:\Professional\NIIT\Online Sessions\GAE\ApiMethodTrial\src\test\resources
2020-11-24 08:01:36,964 [Worker-5: Loading available Gradle versions] INFO  o.e.b.c.i.u.g.PublishedGradleVersions - Gradle version information cache is out-of-date. Trying to update.
2020-11-24 08:01:42,985 [Worker-2: Building workspace] INFO  o.e.m.c.i.embedder.EclipseLogger - Using 'UTF-8' encoding to copy filtered resources.
2020-11-24 08:01:42,986 [Worker-2: Building workspace] INFO  o.e.m.c.i.embedder.EclipseLogger - skip non existing resourceDirectory D:\Professional\NIIT\Online Sessions\GAE\ApiMethodTrial\src\main\resources
2020-11-24 08:01:42,988 [Worker-2: Building workspace] INFO  o.e.m.c.i.embedder.EclipseLogger - Using 'UTF-8' encoding to copy filtered resources.
2020-11-24 08:01:42,989 [Worker-2: Building workspace] INFO  o.e.m.c.i.embedder.EclipseLogger - skip non existing resourceDirectory D:\Professional\NIIT\Online Sessions\GAE\ApiMethodTrial\src\test\resources
2020-11-24 08:06:01,118 [ModalContext] INFO  o.e.m.c.i.l.LifecycleMappingFactory - Using org.maven.ide.eclipse.wtp.WarLifecycleMapping lifecycle mapping for MavenProject: com.learning.appengine.datastoredemo:DataStoreDemo:0.1.0-SNAPSHOT @ D:\Professional\NIIT\Online Sessions\GAE 7-9\DataStoreDemo\pom.xml.
2020-11-24 08:06:01,757 [ModalContext] INFO  o.e.m.j.i.AbstractJavaProjectConfigurator - Adding source folder /DataStoreDemo/src/main/java
2020-11-24 08:06:01,760 [ModalContext] INFO  o.e.m.j.i.AbstractJavaProjectConfigurator - Adding source folder /DataStoreDemo/src/test/java
2020-11-24 08:06:03,827 [Worker-15: Building workspace] INFO  o.e.m.c.i.l.LifecycleMappingFactory - Using org.maven.ide.eclipse.wtp.WarLifecycleMapping lifecycle mapping for MavenProject: com.learning.appengine.datastoredemo:DataStoreDemo:0.1.0-SNAPSHOT @ D:\Professional\NIIT\Online Sessions\GAE 7-9\DataStoreDemo\pom.xml.
2020-11-24 08:06:05,327 [Worker-15: Building workspace] INFO  o.e.m.c.i.embedder.EclipseLogger - Using 'UTF-8' encoding to copy filtered resources.
2020-11-24 08:06:05,327 [Worker-15: Building workspace] INFO  o.e.m.c.i.embedder.EclipseLogger - skip non existing resourceDirectory D:\Professional\NIIT\Online Sessions\GAE 7-9\DataStoreDemo\src\main\resources
2020-11-24 08:06:05,328 [Worker-15: Building workspace] INFO  o.e.m.c.i.embedder.EclipseLogger - Using 'UTF-8' encoding to copy filtered resources.
2020-11-24 08:06:05,328 [Worker-15: Building workspace] INFO  o.e.m.c.i.embedder.EclipseLogger - skip non existing resourceDirectory D:\Professional\NIIT\Online Sessions\GAE 7-9\DataStoreDemo\src\test\resources
2020-11-24 08:06:06,849 [Worker-14: Building workspace] INFO  o.e.m.c.i.embedder.EclipseLogger - Using 'UTF-8' encoding to copy filtered resources.
2020-11-24 08:06:06,850 [Worker-14: Building workspace] INFO  o.e.m.c.i.embedder.EclipseLogger - skip non existing resourceDirectory D:\Professional\NIIT\Online Sessions\GAE 7-9\DataStoreDemo\src\main\resources
2020-11-24 08:06:06,851 [Worker-14: Building workspace] INFO  o.e.m.c.i.embedder.EclipseLogger - Using 'UTF-8' encoding to copy filtered resources.
2020-11-24 08:06:06,851 [Worker-14: Building workspace] INFO  o.e.m.c.i.embedder.EclipseLogger - skip non existing resourceDirectory D:\Professional\NIIT\Online Sessions\GAE 7-9\DataStoreDemo\src\test\resources
2020-11-24 08:12:45,952 [Worker-13: Building workspace] INFO  o.e.m.c.i.embedder.EclipseLogger - Using 'UTF-8' encoding to copy filtered resources.
2020-11-24 08:12:45,952 [Worker-13: Building workspace] INFO  o.e.m.c.i.embedder.EclipseLogger - skip non existing resourceDirectory D:\Professional\NIIT\Online Sessions\GAE 7-9\DataStoreDemo\src\main\resources
2020-11-24 08:12:45,953 [Worker-13: Building workspace] INFO  o.e.m.c.i.embedder.EclipseLogger - Using 'UTF-8' encoding to copy filtered resources.
2020-11-24 08:12:45,953 [Worker-13: Building workspace] INFO  o.e.m.c.i.embedder.EclipseLogger - skip non existing resourceDirectory D:\Professional\NIIT\Online Sessions\GAE 7-9\DataStoreDemo\src\test\resources
2020-11-24 08:15:17,690 [Worker-15: Building workspace] INFO  o.e.m.c.i.embedder.EclipseLogger - Using 'UTF-8' encoding to copy filtered resources.
2020-11-24 08:15:17,691 [Worker-15: Building workspace] INFO  o.e.m.c.i.embedder.EclipseLogger - skip non existing resourceDirectory D:\Professional\NIIT\Online Sessions\GAE 7-9\DataStoreDemo\src\main\resources
2020-11-24 08:15:17,692 [Worker-15: Building workspace] INFO  o.e.m.c.i.embedder.EclipseLogger - Using 'UTF-8' encoding to copy filtered resources.
2020-11-24 08:15:17,692 [Worker-15: Building workspace] INFO  o.e.m.c.i.embedder.EclipseLogger - skip non existing resourceDirectory D:\Professional\NIIT\Online Sessions\GAE 7-9\DataStoreDemo\src\test\resources
2020-11-24 08:15:39,237 [Worker-15: Building workspace] INFO  o.e.m.c.i.embedder.EclipseLogger - Using 'UTF-8' encoding to copy filtered resources.
2020-11-24 08:15:39,238 [Worker-15: Building workspace] INFO  o.e.m.c.i.embedder.EclipseLogger - skip non existing resourceDirectory D:\Professional\NIIT\Online Sessions\GAE 7-9\DataStoreDemo\src\main\resources
2020-11-24 08:15:39,239 [Worker-15: Building workspace] INFO  o.e.m.c.i.embedder.EclipseLogger - Using 'UTF-8' encoding to copy filtered resources.
2020-11-24 08:15:39,239 [Worker-15: Building workspace] INFO  o.e.m.c.i.embedder.EclipseLogger - skip non existing resourceDirectory D:\Professional\NIIT\Online Sessions\GAE 7-9\DataStoreDemo\src\test\resources
2020-11-24 08:33:02,361 [Worker-27: Building workspace] INFO  o.e.m.c.i.embedder.EclipseLogger - Using 'UTF-8' encoding to copy filtered resources.
2020-11-24 08:33:02,362 [Worker-27: Building workspace] INFO  o.e.m.c.i.embedder.EclipseLogger - skip non existing resourceDirectory D:\Professional\NIIT\Online Sessions\GAE 7-9\DataStoreDemo\src\main\resources
2020-11-24 08:33:02,363 [Worker-27: Building workspace] INFO  o.e.m.c.i.embedder.EclipseLogger - Using 'UTF-8' encoding to copy filtered resources.
2020-11-24 08:33:02,363 [Worker-27: Building workspace] INFO  o.e.m.c.i.embedder.EclipseLogger - skip non existing resourceDirectory D:\Professional\NIIT\Online Sessions\GAE 7-9\DataStoreDemo\src\test\resources
2020-11-24 08:33:26,725 [Worker-27: Building workspace] INFO  o.e.m.c.i.embedder.EclipseLogger - Using 'UTF-8' encoding to copy filtered resources.
2020-11-24 08:33:26,725 [Worker-27: Building workspace] INFO  o.e.m.c.i.embedder.EclipseLogger - skip non existing resourceDirectory D:\Professional\NIIT\Online Sessions\GAE 7-9\DataStoreDemo\src\main\resources
2020-11-24 08:33:26,726 [Worker-27: Building workspace] INFO  o.e.m.c.i.embedder.EclipseLogger - Using 'UTF-8' encoding to copy filtered resources.
2020-11-24 08:33:26,726 [Worker-27: Building workspace] INFO  o.e.m.c.i.embedder.EclipseLogger - skip non existing resourceDirectory D:\Professional\NIIT\Online Sessions\GAE 7-9\DataStoreDemo\src\test\resources
2020-11-24 08:33:43,189 [Worker-28: Building workspace] INFO  o.e.m.c.i.embedder.EclipseLogger - Using 'UTF-8' encoding to copy filtered resources.
2020-11-24 08:33:43,189 [Worker-28: Building workspace] INFO  o.e.m.c.i.embedder.EclipseLogger - skip non existing resourceDirectory D:\Professional\NIIT\Online Sessions\GAE 7-9\DataStoreDemo\src\main\resources
2020-11-24 08:33:43,190 [Worker-28: Building workspace] INFO  o.e.m.c.i.embedder.EclipseLogger - Using 'UTF-8' encoding to copy filtered resources.
2020-11-24 08:33:43,190 [Worker-28: Building workspace] INFO  o.e.m.c.i.embedder.EclipseLogger - skip non existing resourceDirectory D:\Professional\NIIT\Online Sessions\GAE 7-9\DataStoreDemo\src\test\resources
2020-11-24 08:34:32,409 [Worker-27: Building workspace] INFO  o.e.m.c.i.embedder.EclipseLogger - Using 'UTF-8' encoding to copy filtered resources.
2020-11-24 08:34:32,409 [Worker-27: Building workspace] INFO  o.e.m.c.i.embedder.EclipseLogger - skip non existing resourceDirectory D:\Professional\NIIT\Online Sessions\GAE 7-9\DataStoreDemo\src\main\resources
2020-11-24 08:34:32,411 [Worker-27: Building workspace] INFO  o.e.m.c.i.embedder.EclipseLogger - Using 'UTF-8' encoding to copy filtered resources.
2020-11-24 08:34:32,411 [Worker-27: Building workspace] INFO  o.e.m.c.i.embedder.EclipseLogger - skip non existing resourceDirectory D:\Professional\NIIT\Online Sessions\GAE 7-9\DataStoreDemo\src\test\resources
2020-11-24 08:34:48,662 [Worker-29: Building workspace] INFO  o.e.m.c.i.embedder.EclipseLogger - Using 'UTF-8' encoding to copy filtered resources.
2020-11-24 08:34:48,663 [Worker-29: Building workspace] INFO  o.e.m.c.i.embedder.EclipseLogger - skip non existing resourceDirectory D:\Professional\NIIT\Online Sessions\GAE 7-9\DataStoreDemo\src\main\resources
2020-11-24 08:34:48,663 [Worker-29: Building workspace] INFO  o.e.m.c.i.embedder.EclipseLogger - Using 'UTF-8' encoding to copy filtered resources.
2020-11-24 08:34:48,663 [Worker-29: Building workspace] INFO  o.e.m.c.i.embedder.EclipseLogger - skip non existing resourceDirectory D:\Professional\NIIT\Online Sessions\GAE 7-9\DataStoreDemo\src\test\resources
2020-11-24 08:36:17,011 [Worker-29: Building workspace] INFO  o.e.m.c.i.embedder.EclipseLogger - Using 'UTF-8' encoding to copy filtered resources.
2020-11-24 08:36:17,011 [Worker-29: Building workspace] INFO  o.e.m.c.i.embedder.EclipseLogger - skip non existing resourceDirectory D:\Professional\NIIT\Online Sessions\GAE 7-9\DataStoreDemo\src\main\resources
2020-11-24 08:36:17,012 [Worker-29: Building workspace] INFO  o.e.m.c.i.embedder.EclipseLogger - Using 'UTF-8' encoding to copy filtered resources.
2020-11-24 08:36:17,012 [Worker-29: Building workspace] INFO  o.e.m.c.i.embedder.EclipseLogger - skip non existing resourceDirectory D:\Professional\NIIT\Online Sessions\GAE 7-9\DataStoreDemo\src\test\resources
2020-11-24 08:44:04,303 [ModalContext] INFO  o.e.m.c.i.l.LifecycleMappingFactory - Using org.maven.ide.eclipse.wtp.WarLifecycleMapping lifecycle mapping for MavenProject: com.learning.appengine.datastoremvc:DataStoreMVC:0.1.0-SNAPSHOT @ D:\Professional\NIIT\Online Sessions\GAE 7-9\DataStoreMVC\pom.xml.
2020-11-24 08:44:04,560 [ModalContext] INFO  o.e.m.j.i.AbstractJavaProjectConfigurator - Adding source folder /DataStoreMVC/src/main/java
2020-11-24 08:44:04,564 [ModalContext] INFO  o.e.m.j.i.AbstractJavaProjectConfigurator - Adding source folder /DataStoreMVC/src/test/java
2020-11-24 08:44:05,849 [Worker-29: Building workspace] INFO  o.e.m.c.i.l.LifecycleMappingFactory - Using org.maven.ide.eclipse.wtp.WarLifecycleMapping lifecycle mapping for MavenProject: com.learning.appengine.datastoremvc:DataStoreMVC:0.1.0-SNAPSHOT @ D:\Professional\NIIT\Online Sessions\GAE 7-9\DataStoreMVC\pom.xml.
2020-11-24 08:44:07,035 [Worker-29: Building workspace] INFO  o.e.m.c.i.embedder.EclipseLogger - Using 'UTF-8' encoding to copy filtered resources.
2020-11-24 08:44:07,035 [Worker-29: Building workspace] INFO  o.e.m.c.i.embedder.EclipseLogger - skip non existing resourceDirectory D:\Professional\NIIT\Online Sessions\GAE 7-9\DataStoreMVC\src\main\resources
2020-11-24 08:44:07,036 [Worker-29: Building workspace] INFO  o.e.m.c.i.embedder.EclipseLogger - Using 'UTF-8' encoding to copy filtered resources.
2020-11-24 08:44:07,036 [Worker-29: Building workspace] INFO  o.e.m.c.i.embedder.EclipseLogger - skip non existing resourceDirectory D:\Professional\NIIT\Online Sessions\GAE 7-9\DataStoreMVC\src\test\resources
2020-11-24 08:44:07,685 [Worker-36: Building workspace] INFO  o.e.m.c.i.embedder.EclipseLogger - Using 'UTF-8' encoding to copy filtered resources.
2020-11-24 08:44:07,685 [Worker-36: Building workspace] INFO  o.e.m.c.i.embedder.EclipseLogger - skip non existing resourceDirectory D:\Professional\NIIT\Online Sessions\GAE 7-9\DataStoreMVC\src\main\resources
2020-11-24 08:44:07,687 [Worker-36: Building workspace] INFO  o.e.m.c.i.embedder.EclipseLogger - Using 'UTF-8' encoding to copy filtered resources.
2020-11-24 08:44:07,688 [Worker-36: Building workspace] INFO  o.e.m.c.i.embedder.EclipseLogger - skip non existing resourceDirectory D:\Professional\NIIT\Online Sessions\GAE 7-9\DataStoreMVC\src\test\resources
2020-11-24 08:44:39,982 [Worker-29: Building workspace] INFO  o.e.m.c.i.embedder.EclipseLogger - Using 'UTF-8' encoding to copy filtered resources.
2020-11-24 08:44:39,982 [Worker-29: Building workspace] INFO  o.e.m.c.i.embedder.EclipseLogger - skip non existing resourceDirectory D:\Professional\NIIT\Online Sessions\GAE 7-9\DataStoreMVC\src\main\resources
2020-11-24 08:44:39,983 [Worker-29: Building workspace] INFO  o.e.m.c.i.embedder.EclipseLogger - Using 'UTF-8' encoding to copy filtered resources.
2020-11-24 08:44:39,983 [Worker-29: Building workspace] INFO  o.e.m.c.i.embedder.EclipseLogger - skip non existing resourceDirectory D:\Professional\NIIT\Online Sessions\GAE 7-9\DataStoreMVC\src\test\resources
2020-11-24 08:45:11,907 [Worker-37: Building workspace] INFO  o.e.m.c.i.embedder.EclipseLogger - Using 'UTF-8' encoding to copy filtered resources.
2020-11-24 08:45:11,907 [Worker-37: Building workspace] INFO  o.e.m.c.i.embedder.EclipseLogger - skip non existing resourceDirectory D:\Professional\NIIT\Online Sessions\GAE 7-9\DataStoreMVC\src\main\resources
2020-11-24 08:45:11,909 [Worker-37: Building workspace] INFO  o.e.m.c.i.embedder.EclipseLogger - Using 'UTF-8' encoding to copy filtered resources.
2020-11-24 08:45:11,909 [Worker-37: Building workspace] INFO  o.e.m.c.i.embedder.EclipseLogger - skip non existing resourceDirectory D:\Professional\NIIT\Online Sessions\GAE 7-9\DataStoreMVC\src\test\resources
2020-11-24 08:46:47,752 [Worker-35: Building workspace] INFO  o.e.m.c.i.embedder.EclipseLogger - Using 'UTF-8' encoding to copy filtered resources.
2020-11-24 08:46:47,752 [Worker-35: Building workspace] INFO  o.e.m.c.i.embedder.EclipseLogger - skip non existing resourceDirectory D:\Professional\NIIT\Online Sessions\GAE 7-9\DataStoreMVC\src\main\resources
2020-11-24 08:46:47,753 [Worker-35: Building workspace] INFO  o.e.m.c.i.embedder.EclipseLogger - Using 'UTF-8' encoding to copy filtered resources.
2020-11-24 08:46:47,753 [Worker-35: Building workspace] INFO  o.e.m.c.i.embedder.EclipseLogger - skip non existing resourceDirectory D:\Professional\NIIT\Online Sessions\GAE 7-9\DataStoreMVC\src\test\resources
2020-11-24 08:50:03,226 [Worker-42: Building workspace] INFO  o.e.m.c.i.embedder.EclipseLogger - Using 'UTF-8' encoding to copy filtered resources.
2020-11-24 08:50:03,226 [Worker-42: Building workspace] INFO  o.e.m.c.i.embedder.EclipseLogger - skip non existing resourceDirectory D:\Professional\NIIT\Online Sessions\GAE 7-9\DataStoreMVC\src\main\resources
2020-11-24 08:50:03,227 [Worker-42: Building workspace] INFO  o.e.m.c.i.embedder.EclipseLogger - Using 'UTF-8' encoding to copy filtered resources.
2020-11-24 08:50:03,227 [Worker-42: Building workspace] INFO  o.e.m.c.i.embedder.EclipseLogger - skip non existing resourceDirectory D:\Professional\NIIT\Online Sessions\GAE 7-9\DataStoreMVC\src\test\resources
2020-11-24 08:51:40,148 [Worker-43: Building workspace] INFO  o.e.m.c.i.embedder.EclipseLogger - Using 'UTF-8' encoding to copy filtered resources.
2020-11-24 08:51:40,148 [Worker-43: Building workspace] INFO  o.e.m.c.i.embedder.EclipseLogger - skip non existing resourceDirectory D:\Professional\NIIT\Online Sessions\GAE 7-9\DataStoreMVC\src\main\resources
2020-11-24 08:51:40,149 [Worker-43: Building workspace] INFO  o.e.m.c.i.embedder.EclipseLogger - Using 'UTF-8' encoding to copy filtered resources.
2020-11-24 08:51:40,150 [Worker-43: Building workspace] INFO  o.e.m.c.i.embedder.EclipseLogger - skip non existing resourceDirectory D:\Professional\NIIT\Online Sessions\GAE 7-9\DataStoreMVC\src\test\resources
2020-11-24 08:52:31,267 [Worker-44: Building workspace] INFO  o.e.m.c.i.embedder.EclipseLogger - Using 'UTF-8' encoding to copy filtered resources.
2020-11-24 08:52:31,267 [Worker-44: Building workspace] INFO  o.e.m.c.i.embedder.EclipseLogger - skip non existing resourceDirectory D:\Professional\NIIT\Online Sessions\GAE 7-9\DataStoreMVC\src\main\resources
2020-11-24 08:52:31,268 [Worker-44: Building workspace] INFO  o.e.m.c.i.embedder.EclipseLogger - Using 'UTF-8' encoding to copy filtered resources.
2020-11-24 08:52:31,268 [Worker-44: Building workspace] INFO  o.e.m.c.i.embedder.EclipseLogger - skip non existing resourceDirectory D:\Professional\NIIT\Online Sessions\GAE 7-9\DataStoreMVC\src\test\resources
